<?xml version="1.0" encoding="UTF-8"?>
<testsuite name="domain.Trial" tests="2" skipped="0" failures="0" errors="0" timestamp="2018-03-18T22:47:30" hostname="karol-ubuntu" time="0.001">
  <properties/>
  <testcase name="test" classname="domain.Trial" time="0.001"/>
  <testcase name="test2" classname="domain.Trial" time="0.0"/>
  <system-out><![CDATA[]]></system-out>
  <system-err><![CDATA[]]></system-err>
</testsuite>
