<?xml version="1.0" encoding="UTF-8"?>
<testsuite name="converter.core.ConverterTest" tests="1" skipped="0" failures="0" errors="0" timestamp="2018-02-26T19:21:07" hostname="karol-ubuntu" time="0.0">
  <properties/>
  <testcase name="unitConvertionTest" classname="converter.core.ConverterTest" time="0.0"/>
  <system-out><![CDATA[]]></system-out>
  <system-err><![CDATA[]]></system-err>
</testsuite>
